sáb 25 ene 2025 13:54:24 CST
https://uvm.mx/,200
https://upotosina.edu.mx/,200
sáb 25 ene 2025 14:00:37 CST
https://uvm.mx/,200
https://upotosina.edu.mx/,200
https://moodle.plataforma-utslp.net/,200
sáb 25 ene 2025 14:00:43 CST
https://uvm.mx/,200
https://upotosina.edu.mx/,200
https://moodle.plataforma-utslp.net/,200
sáb 25 ene 2025 14:00:49 CST
https://uvm.mx/,200
https://upotosina.edu.mx/,200
https://moodle.plataforma-utslp.net/,200
sáb 25 ene 2025 14:00:55 CST
https://uvm.mx/,200
https://upotosina.edu.mx/,200
https://moodle.plataforma-utslp.net/,200
sáb 25 ene 2025 14:01:01 CST
https://uvm.mx/,200
https://upotosina.edu.mx/,200
https://moodle.plataforma-utslp.net/,200
sáb 25 ene 2025 14:01:07 CST
https://uvm.mx/,200
https://upotosina.edu.mx/,200
https://moodle.plataforma-utslp.net/,200
sáb 25 ene 2025 14:01:13 CST
https://uvm.mx/,200
https://upotosina.edu.mx/,200
https://moodle.plataforma-utslp.net/,200
vie 31 ene 2025 21:11:09 CST
https://uvm.mx/,200
https://upotosina.edu.mx/,200
https://moodle.plataforma-utslp.net/,200
vie 31 ene 2025 21:11:15 CST
https://uvm.mx/,200
https://upotosina.edu.mx/,200
